<?xml version="1.0" encoding="UTF-8"?>
<!-- Generated by org.testng.reporters.JUnitReportReporter -->
<testsuite hostname="DESKTOP-2D9ASLF" failures="0" tests="1" name="tests.Logintest" time="5.336" errors="0" timestamp="2022-12-04T23:32:59 IST" skipped="0">
  <testcase classname="tests.Logintest" name="Login" time="5.336"/>
  <system-out/>
</testsuite> <!-- tests.Logintest -->
